0       03201B               LDA      CRKAB 
3       4B2031               JSUB     ECHOCH
6       4B2034               JSUB     ECHONL
9       4B2031               JSUB     ECHONL
c       012015               LDA      #BSEDIU
f       4B2040               JSUB     ECHOSTR
12      0123B4               LDA      #948  
15      4B206D               JSUB     ECHONUM
18      3F2FFD     HALT      J        HALT  
1b      000001     OUTPUT    BYTE     0, 0, 1
1e      000042     CRKAB     WORD     0, 0, 66
21      00000A     NEWLN     WORD     0, 0, 10
24      70617072696B61   BSEDIU    WORD     112, 97, 112, 114, 105, 107, 97
2b                 .PLAC ZA SHRANIT REGISTRE
2b                 REGSTS    RESW     
2e                 REGSTT    RESW     
31                 REGSTX    RESW     
34                 REGSTA    RESW     
37      DF2FE1     ECHOCH    WD       OUTPUT
3a      4C0000               RSUB     0     
3d      0F2FF4     ECHONL    STA      REGSTA
40      E32FD8     RDYLOOP    TD       OUTPUT
43      332FFA               JEQ      RDYLOOP
46      032FD8               LDA      NEWLN 
49      DF2FCF               WD       OUTPUT
4c      032FE5               LDA      REGSTA
4f      4C0000               RSUB     0     
52      0F202A     ECHOSTR    STA      ADDRS 
55      132FD9               STX      REGSTX
58      072024               LDX      ADDRS 
5b      E32FBD     LOOP      TD       OUTPUT
5e      332FFA               JEQ      LOOP  
61      13201E               STX      OUT   
64      52201B               LDCH     @OUT  
67      292F96               COMP     #-106 
6a      332009               JEQ      EXITT 
6d      DF2FAB               WD       OUTPUT
70      2D2F8D               TIX      #-115 
73      3F2FE5               J        LOOP  
76      032006     EXITT     LDA      ADDRS 
79      072FB5               LDX      REGSTX
7c      4C0000               RSUB     0     
7f                 ADDRS     RESW     
82                 OUT       RESW     
85      0F2066     ECHONUM    STA      NUM   
88      0F2FA9               STA      REGSTA
8b      7F2F9D               STS      REGSTS
8e      872F9D               STT      REGSTT
91      132F9D               STX      REGSTX
94      6D2F69               LDS      #-151 
97      052F66               LDX      #-154 
9a      772051     LOO       LDT      NUM   
9d      03204E               LDA      NUM   
a0      A054                 COMPR    5,4
a2      33201C               JEQ      IZPIS 
a5      252F62               DIV      #-158 
a8      212F5F               MUL      #-161 
ab      9405                 SUBR     0,5
ad      252F5A               DIV      #-166 
b0      0F203B               STA      NUM   
b3      012F4A               LDA      #-182 
b6      9050                 ADDR     5,0
b8      572036               STCH     BUFFER
bb      2D2F42               TIX      #-190 
be      3F2FD9               J        LOO   
c1      752F3D     IZPIS     LDT      #-195 
c4      9451                 SUBR     5,1
c6      9451       IZLOOP    SUBR     5,1
c8      2D2F35               TIX      #-203 
cb      3B2011               JLT      EXIT  
ce      532020               LDCH     BUFFER
d1      192F5C               ADD      #-164 
d4      DF2F44               WD       OUTPUT
d7      1D2F56               SUB      #-170 
da      9451                 SUBR     5,1
dc      3F2FE7               J        IZLOOP
df      032F52     EXIT      LDA      REGSTA
e2      6F2F46               LDS      REGSTS
e5      772F46               LDT      REGSTT
e8      072F46               LDX      REGSTX
eb      4C0000               RSUB     0     
ee                 NUM       RESW     
f1                 BUFFER    RESW     
